<component name="libraryTable">
  <library name="junit-platform-commons-1.7.2">
    <CLASSES>
      <root url="jar://$MAVEN_REPOSITORY$/org/junit/platform/junit-platform-commons/1.7.2/junit-platform-commons-1.7.2.jar!/" />
    </CLASSES>
    <JAVADOC />
    <SOURCES />
  </library>
</component>